Determining if the pthread_create exist failed with the following output:
Change Dir: /home/myroot/linux/lib/build/release-cpp11/CMakeFiles/CMakeTmp

Run Build Command:/usr/bin/gmake "cmTryCompileExec1351860168/fast"
/usr/bin/gmake -f CMakeFiles/cmTryCompileExec1351860168.dir/build.make CMakeFiles/cmTryCompileExec1351860168.dir/build
gmake[1]: Entering directory `/home/myroot/linux/lib/build/release-cpp11/CMakeFiles/CMakeTmp'
/usr/bin/cmake -E cmake_progress_report /home/myroot/linux/lib/build/release-cpp11/CMakeFiles/CMakeTmp/CMakeFiles 1
Building C object CMakeFiles/cmTryCompileExec1351860168.dir/CheckSymbolExists.c.o
/opt/rh/devtoolset-7/root/usr/bin/cc    -o CMakeFiles/cmTryCompileExec1351860168.dir/CheckSymbolExists.c.o   -c /home/myroot/linux/lib/build/release-cpp11/CMakeFiles/CMakeTmp/CheckSymbolExists.c
Linking C executable cmTryCompileExec1351860168
/usr/bin/cmake -E cmake_link_script CMakeFiles/cmTryCompileExec1351860168.dir/link.txt --verbose=1
/opt/rh/devtoolset-7/root/usr/bin/cc       CMakeFiles/cmTryCompileExec1351860168.dir/CheckSymbolExists.c.o  -o cmTryCompileExec1351860168 -rdynamic 
CMakeFiles/cmTryCompileExec1351860168.dir/CheckSymbolExists.c.o: In function `main':
CheckSymbolExists.c:(.text+0x16): undefined reference to `pthread_create'
gmake[1]: Leaving directory `/home/myroot/linux/lib/build/release-cpp11/CMakeFiles/CMakeTmp'
collect2: error: ld returned 1 exit status
gmake[1]: *** [cmTryCompileExec1351860168] Error 1
gmake: *** [cmTryCompileExec1351860168/fast] Error 2

File /home/myroot/linux/lib/build/release-cpp11/CMakeFiles/CMakeTmp/CheckSymbolExists.c:
/* */
#include <pthread.h>

int main(int argc, char** argv)
{
  (void)argv;
#ifndef pthread_create
  return ((int*)(&pthread_create))[argc];
#else
  (void)argc;
  return 0;
#endif
}

Determining if the function pthread_create exists in the pthreads failed with the following output:
Change Dir: /home/myroot/linux/lib/build/release-cpp11/CMakeFiles/CMakeTmp

Run Build Command:/usr/bin/gmake "cmTryCompileExec1386996472/fast"
/usr/bin/gmake -f CMakeFiles/cmTryCompileExec1386996472.dir/build.make CMakeFiles/cmTryCompileExec1386996472.dir/build
gmake[1]: Entering directory `/home/myroot/linux/lib/build/release-cpp11/CMakeFiles/CMakeTmp'
/usr/bin/cmake -E cmake_progress_report /home/myroot/linux/lib/build/release-cpp11/CMakeFiles/CMakeTmp/CMakeFiles 1
Building C object CMakeFiles/cmTryCompileExec1386996472.dir/CheckFunctionExists.c.o
/opt/rh/devtoolset-7/root/usr/bin/cc   -DCHECK_FUNCTION_EXISTS=pthread_create   -o CMakeFiles/cmTryCompileExec1386996472.dir/CheckFunctionExists.c.o   -c /usr/share/cmake/Modules/CheckFunctionExists.c
Linking C executable cmTryCompileExec1386996472
/usr/bin/cmake -E cmake_link_script CMakeFiles/cmTryCompileExec1386996472.dir/link.txt --verbose=1
/opt/rh/devtoolset-7/root/usr/bin/cc   -DCHECK_FUNCTION_EXISTS=pthread_create    CMakeFiles/cmTryCompileExec1386996472.dir/CheckFunctionExists.c.o  -o cmTryCompileExec1386996472 -rdynamic -lpthreads 
/opt/rh/devtoolset-7/root/usr/libexec/gcc/x86_64-redhat-linux/7/ld: cannot find -lpthreads
gmake[1]: Leaving directory `/home/myroot/linux/lib/build/release-cpp11/CMakeFiles/CMakeTmp'
collect2: error: ld returned 1 exit status
gmake[1]: *** [cmTryCompileExec1386996472] Error 1
gmake: *** [cmTryCompileExec1386996472/fast] Error 2


